0 info it worked if it ends with ok
1 verbose cli [ 'C:\\Program Files\\nodejs\\node.exe',
1 verbose cli   'C:\\Program Files\\nodejs\\node_modules\\npm\\bin\\npm-cli.js',
1 verbose cli   'run',
1 verbose cli   'copy-files' ]
2 info using npm@3.8.6
3 info using node@v6.1.0
4 verbose run-script [ 'precopy-files', 'copy-files', 'postcopy-files' ]
5 info lifecycle webpack-react@1.0.0~precopy-files: webpack-react@1.0.0
6 silly lifecycle webpack-react@1.0.0~precopy-files: no script for precopy-files, continuing
7 info lifecycle webpack-react@1.0.0~copy-files: webpack-react@1.0.0
8 verbose lifecycle webpack-react@1.0.0~copy-files: unsafe-perm in lifecycle true
9 verbose lifecycle webpack-react@1.0.0~copy-files: PATH: C:\Program Files\nodejs\node_modules\npm\bin\node-gyp-bin;C:\projects\reactBoilerplate\node_modules\.bin;C:\Program Files\nodejs;C:\Program Files\ConEmu\ConEmu\Scripts;C:\Program Files\ConEmu;C:\Program Files\ConEmu\ConEmu;C:\ProgramData\Oracle\Java\javapath;C:\Program Files (x86)\NVIDIA Corporation\PhysX\Common;C:\Program Files (x86)\Intel\iCLS Client\;C:\Program Files\Intel\iCLS Client\;C:\Windows\system32;C:\Windows;C:\Windows\System32\Wbem;C:\Windows\System32\WindowsPowerShell\v1.0\;C:\Program Files (x86)\Intel\OpenCL SDK\2.0\bin\x86;C:\Program Files (x86)\Intel\OpenCL SDK\2.0\bin\x64;C:\Program Files\Intel\Intel(R) Management Engine Components\DAL;C:\Program Files\Intel\Intel(R) Management Engine Components\IPT;C:\Program Files (x86)\Intel\Intel(R) Management Engine Components\DAL;C:\Program Files (x86)\Intel\Intel(R) Management Engine Components\IPT;C:\Program Files (x86)\Git\cmd;C:\Program Files\Java\jdk1.8.0_45\bin;C:\Program Files\TortoiseSVN\bin;C:\Program Files\nodejs\;C:\Ruby22-x64\bin;C:\Users\y.ayari\AppData\Local\atom\bin;C:\Program Files\Java\jdk1.8.0_45/bin;C:\Users\y.ayari\AppData\Roaming\npm;C:\Program Files (x86)\Microsoft VS Code\bin
10 verbose lifecycle webpack-react@1.0.0~copy-files: CWD: C:\projects\reactBoilerplate
11 silly lifecycle webpack-react@1.0.0~copy-files: Args: [ '/d /s /c', 'ncp index.html dist/index.html' ]
12 silly lifecycle webpack-react@1.0.0~copy-files: Returned: code: 1  signal: null
13 info lifecycle webpack-react@1.0.0~copy-files: Failed to exec copy-files script
14 verbose stack Error: webpack-react@1.0.0 copy-files: `ncp index.html dist/index.html`
14 verbose stack Exit status 1
14 verbose stack     at EventEmitter.<anonymous> (C:\Program Files\nodejs\node_modules\npm\lib\utils\lifecycle.js:239:16)
14 verbose stack     at emitTwo (events.js:106:13)
14 verbose stack     at EventEmitter.emit (events.js:191:7)
14 verbose stack     at ChildProcess.<anonymous> (C:\Program Files\nodejs\node_modules\npm\lib\utils\spawn.js:24:14)
14 verbose stack     at emitTwo (events.js:106:13)
14 verbose stack     at ChildProcess.emit (events.js:191:7)
14 verbose stack     at maybeClose (internal/child_process.js:850:16)
14 verbose stack     at Process.ChildProcess._handle.onexit (internal/child_process.js:215:5)
15 verbose pkgid webpack-react@1.0.0
16 verbose cwd C:\projects\reactBoilerplate
17 error Windows_NT 6.1.7601
18 error argv "C:\\Program Files\\nodejs\\node.exe" "C:\\Program Files\\nodejs\\node_modules\\npm\\bin\\npm-cli.js" "run" "copy-files"
19 error node v6.1.0
20 error npm  v3.8.6
21 error code ELIFECYCLE
22 error webpack-react@1.0.0 copy-files: `ncp index.html dist/index.html`
22 error Exit status 1
23 error Failed at the webpack-react@1.0.0 copy-files script 'ncp index.html dist/index.html'.
23 error Make sure you have the latest version of node.js and npm installed.
23 error If you do, this is most likely a problem with the webpack-react package,
23 error not with npm itself.
23 error Tell the author that this fails on your system:
23 error     ncp index.html dist/index.html
23 error You can get information on how to open an issue for this project with:
23 error     npm bugs webpack-react
23 error Or if that isn't available, you can get their info via:
23 error     npm owner ls webpack-react
23 error There is likely additional logging output above.
24 verbose exit [ 1, true ]
